<?xml version="1.0" encoding="UTF-8"?>
<testng-results total="1" passed="1" failed="0" skipped="0">
  <reporter-output>
  </reporter-output>
  <suite started-at="2022-11-02T06:29:09Z" name="Default suite" finished-at="2022-11-02T06:29:19Z" duration-ms="9447">
    <groups>
    </groups>
    <test started-at="2022-11-02T06:29:09Z" name="Default test" finished-at="2022-11-02T06:29:19Z" duration-ms="9447">
      <class name="Reportpack.Extentdemo">
        <test-method is-config="true" signature="config()[pri:0, instance:Reportpack.Extentdemo@5d99c6b5]" started-at="2022-11-02T11:59:09Z" name="config" finished-at="2022-11-02T11:59:10Z" duration-ms="392" status="PASS">
          <reporter-output>
          </reporter-output>
        </test-method> <!-- config -->
        <test-method signature="initialdemo()[pri:0, instance:Reportpack.Extentdemo@5d99c6b5]" started-at="2022-11-02T11:59:10Z" name="initialdemo" finished-at="2022-11-02T11:59:19Z" duration-ms="9041" status="PASS">
          <reporter-output>
          </reporter-output>
        </test-method> <!-- initialdemo -->
      </class> <!-- Reportpack.Extentdemo -->
    </test> <!-- Default test -->
  </suite> <!-- Default suite -->
</testng-results>
